# JRE version: Java(TM) SE Runtime Environment (8.0_221-b11) (build 1.8.0_221-b11)
# Java VM: Java HotSpot(TM) 64-Bit Server VM (25.221-b11 mixed mode windows-amd64 compressed oops)
Heap:
 PSYoungGen      total 150016K, used 136912K [0x00000000f5580000, 0x00000000ffe00000, 0x0000000100000000)
  eden space 127488K, 100% used [0x00000000f5580000,0x00000000fd200000,0x00000000fd200000)
  from space 22528K, 41% used [0x00000000fd200000,0x00000000fdb341c8,0x00000000fe800000)
  to   space 21504K, 25% used [0x00000000fe900000,0x00000000fee48000,0x00000000ffe00000)
 ParOldGen       total 281600K, used 104710K [0x00000000e0000000, 0x00000000f1300000, 0x00000000f5580000)
  object space 281600K, 37% used [0x00000000e0000000,0x00000000e66419a8,0x00000000f1300000)
 Metaspace       used 58105K, capacity 61636K, committed 61696K, reserved 1101824K
  class space    used 7701K, capacity 8417K, committed 8448K, reserved 1048576K
GC Heap History (10 events):
Event: 18.788 GC heap after
Heap after GC invocations=26 (full 2):
 PSYoungGen      total 147968K, used 3776K [0x00000000f5580000, 0x00000000ffe00000, 0x0000000100000000)
  eden space 124416K, 0% used [0x00000000f5580000,0x00000000f5580000,0x00000000fcf00000)
  from space 23552K, 16% used [0x00000000fe700000,0x00000000feab0000,0x00000000ffe00000)
  to   space 24064K, 0% used [0x00000000fcf00000,0x00000000fcf00000,0x00000000fe680000)
 ParOldGen       total 175104K, used 97367K [0x00000000e0000000, 0x00000000eab00000, 0x00000000f5580000)
  object space 175104K, 55% used [0x00000000e0000000,0x00000000e5f15d78,0x00000000eab00000)
 Metaspace       used 54950K, capacity 58040K, committed 58112K, reserved 1099776K
  class space    used 7312K, capacity 7885K, committed 7936K, reserved 1048576K
}
Event: 19.064 GC heap before
{Heap before GC invocations=27 (full 2):
 PSYoungGen      total 147968K, used 68251K [0x00000000f5580000, 0x00000000ffe00000, 0x0000000100000000)
  eden space 124416K, 51% used [0x00000000f5580000,0x00000000f9476f18,0x00000000fcf00000)
  from space 23552K, 16% used [0x00000000fe700000,0x00000000feab0000,0x00000000ffe00000)
  to   space 24064K, 0% used [0x00000000fcf00000,0x00000000fcf00000,0x00000000fe680000)
 ParOldGen       total 175104K, used 97367K [0x00000000e0000000, 0x00000000eab00000, 0x00000000f5580000)
  object space 175104K, 55% used [0x00000000e0000000,0x00000000e5f15d78,0x00000000eab00000)
 Metaspace       used 55904K, capacity 59004K, committed 59096K, reserved 1099776K
  class space    used 7437K, capacity 8034K, committed 8064K, reserved 1048576K
Event: 19.071 GC heap after
Heap after GC invocations=27 (full 2):
 PSYoungGen      total 148480K, used 3393K [0x00000000f5580000, 0x00000000ffe80000, 0x0000000100000000)
  eden space 124416K, 0% used [0x00000000f5580000,0x00000000f5580000,0x00000000fcf00000)
  from space 24064K, 14% used [0x00000000fcf00000,0x00000000fd250648,0x00000000fe680000)
  to   space 23040K, 0% used [0x00000000fe800000,0x00000000fe800000,0x00000000ffe80000)
 ParOldGen       total 175104K, used 100535K [0x00000000e0000000, 0x00000000eab00000, 0x00000000f5580000)
  object space 175104K, 57% used [0x00000000e0000000,0x00000000e622dda8,0x00000000eab00000)
 Metaspace       used 55904K, capacity 59004K, committed 59096K, reserved 1099776K
  class space    used 7437K, capacity 8034K, committed 8064K, reserved 1048576K
}
Event: 19.071 GC heap before
{Heap before GC invocations=28 (full 3):
 PSYoungGen      total 148480K, used 3393K [0x00000000f5580000, 0x00000000ffe80000, 0x0000000100000000)
  eden space 124416K, 0% used [0x00000000f5580000,0x00000000f5580000,0x00000000fcf00000)
  from space 24064K, 14% used [0x00000000fcf00000,0x00000000fd250648,0x00000000fe680000)
  to   space 23040K, 0% used [0x00000000fe800000,0x00000000fe800000,0x00000000ffe80000)
 ParOldGen       total 175104K, used 100535K [0x00000000e0000000, 0x00000000eab00000, 0x00000000f5580000)
  object space 175104K, 57% used [0x00000000e0000000,0x00000000e622dda8,0x00000000eab00000)
 Metaspace       used 55904K, capacity 59004K, committed 59096K, reserved 1099776K
  class space    used 7437K, capacity 8034K, committed 8064K, reserved 1048576K
Event: 19.394 GC heap after
Heap after GC invocations=28 (full 3):
 PSYoungGen      total 148480K, used 0K [0x00000000f5580000, 0x00000000ffe80000, 0x0000000100000000)
  eden space 124416K, 0% used [0x00000000f5580000,0x00000000f5580000,0x00000000fcf00000)
  from space 24064K, 0% used [0x00000000fcf00000,0x00000000fcf00000,0x00000000fe680000)
  to   space 23040K, 0% used [0x00000000fe800000,0x00000000fe800000,0x00000000ffe80000)
 ParOldGen       total 281600K, used 86828K [0x00000000e0000000, 0x00000000f1300000, 0x00000000f5580000)
  object space 281600K, 30% used [0x00000000e0000000,0x00000000e54cb280,0x00000000f1300000)
 Metaspace       used 55828K, capacity 58790K, committed 59096K, reserved 1099776K
  class space    used 7416K, capacity 8003K, committed 8064K, reserved 1048576K
}
Event: 20.180 GC heap before
{Heap before GC invocations=29 (full 3):
 PSYoungGen      total 148480K, used 124416K [0x00000000f5580000, 0x00000000ffe80000, 0x0000000100000000)
  eden space 124416K, 100% used [0x00000000f5580000,0x00000000fcf00000,0x00000000fcf00000)
  from space 24064K, 0% used [0x00000000fcf00000,0x00000000fcf00000,0x00000000fe680000)
  to   space 23040K, 0% used [0x00000000fe800000,0x00000000fe800000,0x00000000ffe80000)
 ParOldGen       total 281600K, used 86828K [0x00000000e0000000, 0x00000000f1300000, 0x00000000f5580000)
  object space 281600K, 30% used [0x00000000e0000000,0x00000000e54cb280,0x00000000f1300000)
 Metaspace       used 56674K, capacity 59802K, committed 60032K, reserved 1101824K
  class space    used 7559K, capacity 8193K, committed 8320K, reserved 1048576K
Event: 20.194 GC heap after
Heap after GC invocations=29 (full 3):
 PSYoungGen      total 150016K, used 9567K [0x00000000f5580000, 0x00000000ffe00000, 0x0000000100000000)
  eden space 127488K, 0% used [0x00000000f5580000,0x00000000f5580000,0x00000000fd200000)
  from space 22528K, 42% used [0x00000000fe800000,0x00000000ff157d30,0x00000000ffe00000)
  to   space 22528K, 0% used [0x00000000fd200000,0x00000000fd200000,0x00000000fe800000)
 ParOldGen       total 281600K, used 86828K [0x00000000e0000000, 0x00000000f1300000, 0x00000000f5580000)
  object space 281600K, 30% used [0x00000000e0000000,0x00000000e54cb280,0x00000000f1300000)
 Metaspace       used 56674K, capacity 59802K, committed 60032K, reserved 1101824K
  class space    used 7559K, capacity 8193K, committed 8320K, reserved 1048576K
}
Event: 971.481 GC heap before
{Heap before GC invocations=30 (full 3):
 PSYoungGen      total 150016K, used 137055K [0x00000000f5580000, 0x00000000ffe00000, 0x0000000100000000)
  eden space 127488K, 100% used [0x00000000f5580000,0x00000000fd200000,0x00000000fd200000)
  from space 22528K, 42% used [0x00000000fe800000,0x00000000ff157d30,0x00000000ffe00000)
  to   space 22528K, 0% used [0x00000000fd200000,0x00000000fd200000,0x00000000fe800000)
 ParOldGen       total 281600K, used 86828K [0x00000000e0000000, 0x00000000f1300000, 0x00000000f5580000)
  object space 281600K, 30% used [0x00000000e0000000,0x00000000e54cb280,0x00000000f1300000)
 Metaspace       used 58091K, capacity 61636K, committed 61696K, reserved 1101824K
  class space    used 7701K, capacity 8417K, committed 8448K, reserved 1048576K
Event: 971.506 GC heap after
Heap after GC invocations=30 (full 3):
 PSYoungGen      total 150016K, used 9424K [0x00000000f5580000, 0x00000000ffe00000, 0x0000000100000000)
  eden space 127488K, 0% used [0x00000000f5580000,0x00000000f5580000,0x00000000fd200000)
  from space 22528K, 41% used [0x00000000fd200000,0x00000000fdb341c8,0x00000000fe800000)
  to   space 21504K, 0% used [0x00000000fe900000,0x00000000fe900000,0x00000000ffe00000)
 ParOldGen       total 281600K, used 95856K [0x00000000e0000000, 0x00000000f1300000, 0x00000000f5580000)
  object space 281600K, 34% used [0x00000000e0000000,0x00000000e5d9c2a0,0x00000000f1300000)
 Metaspace       used 58091K, capacity 61636K, committed 61696K, reserved 1101824K
  class space    used 7701K, capacity 8417K, committed 8448K, reserved 1048576K
}
Event: 972.046 GC heap before
{Heap before GC invocations=31 (full 3):
 PSYoungGen      total 150016K, used 136912K [0x00000000f5580000, 0x00000000ffe00000, 0x0000000100000000)
  eden space 127488K, 100% used [0x00000000f5580000,0x00000000fd200000,0x00000000fd200000)
  from space 22528K, 41% used [0x00000000fd200000,0x00000000fdb341c8,0x00000000fe800000)
  to   space 21504K, 0% used [0x00000000fe900000,0x00000000fe900000,0x00000000ffe00000)
 ParOldGen       total 281600K, used 95856K [0x00000000e0000000, 0x00000000f1300000, 0x00000000f5580000)
  object space 281600K, 34% used [0x00000000e0000000,0x00000000e5d9c2a0,0x00000000f1300000)
 Metaspace       used 58105K, capacity 61636K, committed 61696K, reserved 1101824K
  class space    used 7701K, capacity 8417K, committed 8448K, reserved 1048576K

